[90m2025-11-22T20:19:45.546Z[39m [96mINFO[39m [97m@wdio/browserstack-service[39m BrowserStack service started with id: a7c1d28f-d80d-48ef-9e13-c6f0c27e2cf6
[90m2025-11-22T20:19:45.546Z[39m [32mDEBUG[39m [97m@wdio/browserstack-service[39m _options data: {}
[90m2025-11-22T20:19:45.546Z[39m [32mDEBUG[39m [97m@wdio/browserstack-service[39m webdriver capabilities data: [{"platformName":"Android","appium:platformVersion":"12.0","appium:deviceName":"Google Pixel 6 Pro","appium:automationName":"UiAutomator2","appium:app":"bs://68e5f65b6504b4ded77005d5cc7c12a59a090919","appium:noReset":true,"appium:appPackage":"com.wdiodemoapp","appium:appActivity":"com.wdiodemoapp.SplashActivity"}]
[90m2025-11-22T20:19:45.546Z[39m [32mDEBUG[39m [97m@wdio/browserstack-service[39m _config data: {"rootDir":"E:\\LQ\\LQ tc\\LQ_TEST\\configs","specs":["../test/specs/**/*.js"],"suites":{},"exclude":[],"logLevel":"error","logLevels":{},"groupLogsByTestSpec":false,"excludeDriverLogs":[],"bail":0,"waitforInterval":500,"waitforTimeout":10000,"framework":"mocha","reporters":["spec"],"services":["appium","browserstack"],"maxInstances":1,"maxInstancesPerCapability":100,"injectGlobals":true,"filesToWatch":[],"connectionRetryTimeout":120000,"connectionRetryCount":3,"execArgv":[],"runnerEnv":{"FORCE_COLOR":1},"runner":"local","shard":{"current":1,"total":1},"specFileRetries":0,"specFileRetriesDelay":0,"specFileRetriesDeferred":false,"reporterSyncInterval":100,"reporterSyncTimeout":5000,"cucumberFeaturesWithLineNumbers":[],"autoCompileOpts":{"autoCompile":true,"tsNodeOpts":{"transpileOnly":true},"babelOpts":{}},"mochaOpts":{"timeout":60000,"ui":"bdd"},"jasmineOpts":{"defaultTimeoutInterval":10000},"cucumberOpts":{"timeout":10000},"onPrepare":[],"onWorkerStart":[],"onWorkerEnd":[],"before":[],"beforeSession":[],"beforeSuite":[],"beforeHook":[],"beforeTest":[],"beforeCommand":[],"afterCommand":[],"afterTest":[],"afterHook":[],"afterSuite":[],"afterSession":[],"after":[],"onComplete":[],"onReload":[],"beforeAssertion":[],"afterAssertion":[],"beforeFeature":[],"beforeScenario":[],"beforeStep":[],"afterStep":[],"afterScenario":[],"afterFeature":[],"_":["run","run"],"$0":"node_modules\\@wdio\\cli\\bin\\wdio.js","config-path":"./configs/wdio.conf2.js","user":"viget_p5C1Ef","key":"JcttkD6YqvbwYc9xpCxP","protocol":"https","hostname":"hub.browserstack.com","port":443,"path":"/wd/hub"}
[90m2025-11-22T20:19:45.552Z[39m [32mDEBUG[39m [97m@wdio/browserstack-service[39m Sending SDK event with data {
  userName: '[REDACTED]',
  accessKey: '[REDACTED]',
  event_type: 'SDKTestAttempted',
  detectedFramework: 'WebdriverIO-mocha',
  event_properties: {
    sdkRunId: 'a7c1d28f-d80d-48ef-9e13-c6f0c27e2cf6',
    testhub_uuid: undefined,
    language_framework: 'WebdriverIO_mocha',
    referrer: 'WebdriverIO-mocha/9.20.0',
    language: 'WebdriverIO',
    languageVersion: 'v22.18.0',
    buildName: 'undefined',
    buildIdentifier: 'undefined',
    os: 'Windows_NT',
    hostname: 'DESKTOP-41JSMCD',
    productMap: {
      observability: true,
      accessibility: null,
      percy: false,
      automate: true,
      app_automate: false
    },
    product: [ 'observability', 'automate' ],
    framework: 'mocha'
  }
}
[90m2025-11-22T20:19:45.841Z[39m [32mDEBUG[39m [97m@wdio/browserstack-service[39m Funnel Event Response: "{\"message\":\"SDK Event recorded successfully\"}"
[90m2025-11-22T20:19:45.841Z[39m [32mDEBUG[39m [97m@wdio/browserstack-service[39m Funnel event success
[90m2025-11-22T20:19:45.841Z[39m [32mDEBUG[39m [97m@wdio/browserstack-service[39m app is not defined in browserstack-service config, skipping ...
[90m2025-11-22T20:19:45.841Z[39m [33mWARN[39m [97m@wdio/browserstack-service[39m Accessibility Automation will run only on Chrome browsers.
[90m2025-11-22T20:19:45.841Z[39m [32mDEBUG[39m [97m@wdio/browserstack-service[39m Sending launch start event
[90m2025-11-22T20:19:46.513Z[39m [32mDEBUG[39m [97m@wdio/browserstack-service[39m [Start_Build] Success response: {"observability":{"success":true,"options":{"allow_screenshots":true},"code":null,"errors":null,"error_trace_id":null},"accessibility":null,"automate":{"success":true,"options":{"allow_screenshots":true},"code":null,"errors":null,"error_trace_id":null},"turboscale":null,"build_hashed_id":"0v0zzgq2636m9ac8f4aqxpxc6txq0clzpcce5gii","jwt":"eyJhbGciOiJIUzI1NiJ9.eyJpc3MiOiJicm93c2Vyc3RhY2tfb2IiLCJzdWIiOiIxMDM0OTQ3NCIsImdyb3VwX2lkIjoxMDI1OTM1NCwidXNlcl9pZCI6MTAzNDk0NzQsImJ1aWxkX2hhc2hlZF9pZCI6IjB2MHp6Z3EyNjM2bTlhYzhmNGFxeHB4YzZ0eHEwY2x6cGNjZTVnaWkiLCJob29rX2FzX3Rlc3QiOiIxIiwiYnVpbGRfbmFtZSI6IkxRX1RFU1QiLCJwcm9kdWN0X21hcCI6IntcIm9ic2VydmFiaWxpdHlcIjp0cnVlLFwiYXV0b21hdGVcIjp0cnVlLFwibm9uU0RLXCI6ZmFsc2UsXCJhY2Nlc3NpYmlsaXR5QXV0b0VuYWJsZWRcIjp0cnVlLFwib3JpZ2luRnJvbVByb2R1Y3RNYXBcIjpcIkF1dG9tYXRlXCIsXCJic3RhY2tBdXRvbWF0aW9uXCI6dHJ1ZSxcImNhZFwiOnRydWV9IiwiZ3JyX3JlZ2lvbiI6IiIsImlzX2xvd192b2x1bWUiOmZhbHNlLCJpc19sY25jX2V2ZW50IjpmYWxzZSwic2lnbmluZ19rZXlfaGFzaCI6IjM3YzExMzFlNGIyZTc0M2M3NjZlMWQ3MGJmNWYyYjU3ZGM2OWIxOTVkMzAwZTMyYWU4ZDAyMzEyMGE0YTZkOTciLCJpYXQiOjE3NjM4NDI4MTIsImV4cCI6MTc2NDE4ODQxMn0.ekAKBxLHdzS1nTtaKPsY5z4WNw5sO106OUBZCrkxHJA","discard_build":null,"app_automate":null}
[90m2025-11-22T20:19:46.513Z[39m [96mINFO[39m [97m@wdio/browserstack-service[39m Testhub started with id: 0v0zzgq2636m9ac8f4aqxpxc6txq0clzpcce5gii
[90m2025-11-22T20:19:46.514Z[39m [96mINFO[39m [97m@wdio/browserstack-service[39m browserstackLocal is not enabled - skipping...
[90m2025-11-22T20:20:00.924Z[39m [32mDEBUG[39m [97m@wdio/browserstack-service[39m Skipping method: Console, exists: true, type: function
[90m2025-11-22T20:20:01.146Z[39m [32mDEBUG[39m [97m@wdio/browserstack-service[39m Requesting Browserstack session URL at https://api-cloud.browserstack.com/app-automate/sessions/dbde1d8cd6947e812c3e658e99d78aa87ebe1a7f.json
[90m2025-11-22T20:20:01.616Z[39m [96mINFO[39m [97m@wdio/browserstack-service[39m  session: https://app-automate.browserstack.com/builds/53c40649e361bc918d225f7a244376b1b23c6bb6/sessions/dbde1d8cd6947e812c3e658e99d78aa87ebe1a7f
[90m2025-11-22T20:20:01.620Z[39m [96mINFO[39m [97m@wdio/browserstack-service[39m Update job with sessionId dbde1d8cd6947e812c3e658e99d78aa87ebe1a7f
[90m2025-11-22T20:20:01.621Z[39m [32mDEBUG[39m [97m@wdio/browserstack-service[39m Updating Browserstack session at https://api-cloud.browserstack.com/app-automate/sessions/dbde1d8cd6947e812c3e658e99d78aa87ebe1a7f.json with request body: 
[90m2025-11-22T20:20:01.871Z[39m [96mINFO[39m [97m@wdio/browserstack-service[39m Update job with sessionId dbde1d8cd6947e812c3e658e99d78aa87ebe1a7f
[90m2025-11-22T20:20:01.871Z[39m [32mDEBUG[39m [97m@wdio/browserstack-service[39m Updating Browserstack session at https://api-cloud.browserstack.com/app-automate/sessions/dbde1d8cd6947e812c3e658e99d78aa87ebe1a7f.json with request body: 
[90m2025-11-22T20:20:02.166Z[39m [32mDEBUG[39m [97m@wdio/browserstack-service[39m Driver capabilities used for integration object: {"platform":"LINUX","webStorageEnabled":false,"takesScreenshot":true,"javascriptEnabled":true,"databaseEnabled":false,"networkConnectionEnabled":true,"locationContextEnabled":false,"warnings":{},"desired":{"platformName":"Android","goog:chromeOptions":{},"newCommandTimeout":0,"deviceName":"google pixel 6 pro","chromedriverPorts":[[18111,18121]],"automationName":"uiautomator2","systemPort":8201,"noReset":true,"appPackage":"com.wdiodemoapp","appActivity":"com.wdiodemoapp.SplashActivity","bundleID":"com.wdiodemoapp","bundleId":"com.wdiodemoapp","skipServerInstallation":true,"udid":"23101FDEE001N8","nativeWebScreenshot":true,"disableSuppressAccessibilityService":true,"platformVersion":"12.0"},"platformName":"Android","goog:chromeOptions":{},"newCommandTimeout":0,"deviceName":"23101FDEE001N8","chromedriverPorts":[[18111,18121]],"automationName":"uiautomator2","systemPort":8201,"noReset":true,"appPackage":"com.wdiodemoapp","appActivity":"com.wdiodemoapp.SplashActivity","bundleID":"com.wdiodemoapp","bundleId":"com.wdiodemoapp","skipServerInstallation":true,"udid":"23101FDEE001N8","nativeWebScreenshot":true,"disableSuppressAccessibilityService":true,"platformVersion":"12","deviceUDID":"23101FDEE001N8","deviceApiLevel":31,"deviceScreenSize":"1440x3120","deviceScreenDensity":560,"deviceModel":"Pixel 6 Pro","deviceManufacturer":"Google","pixelRatio":3.5,"statBarHeight":145,"viewportRect":{"left":0,"top":145,"width":1440,"height":2789}}
[90m2025-11-22T20:20:02.166Z[39m [32mDEBUG[39m [97m@wdio/browserstack-service[39m User capabilities used for integration object: {"platformName":"Android","appium:platformVersion":"12.0","appium:deviceName":"Google Pixel 6 Pro","appium:automationName":"UiAutomator2","appium:app":"bs://68e5f65b6504b4ded77005d5cc7c12a59a090919","appium:noReset":true,"appium:appPackage":"com.wdiodemoapp","appium:appActivity":"com.wdiodemoapp.SplashActivity","bstack:options":{"wdioService":"9.20.0","testhubBuildUuid":"0v0zzgq2636m9ac8f4aqxpxc6txq0clzpcce5gii","buildProductMap":{"observability":true,"accessibility":null,"percy":false,"automate":true,"app_automate":false}}}
[90m2025-11-22T20:20:02.167Z[39m [32mDEBUG[39m [97m@wdio/browserstack-service[39m Got platformVersion from driver caps
[90m2025-11-22T20:20:02.167Z[39m [32mDEBUG[39m [97m@wdio/browserstack-service[39m Added data to request queue. Queue length = 1
[90m2025-11-22T20:20:02.495Z[39m [32mDEBUG[39m [97m@wdio/browserstack-service[39m Added data to request queue. Queue length = 2
[90m2025-11-22T20:20:02.677Z[39m [32mDEBUG[39m [97m@wdio/browserstack-service[39m Added data to request queue. Queue length = 3
[90m2025-11-22T20:20:02.937Z[39m [32mDEBUG[39m [97m@wdio/browserstack-service[39m Added data to request queue. Queue length = 4
[90m2025-11-22T20:20:03.384Z[39m [32mDEBUG[39m [97m@wdio/browserstack-service[39m Added data to request queue. Queue length = 5
[90m2025-11-22T20:20:03.958Z[39m [32mDEBUG[39m [97m@wdio/browserstack-service[39m Added data to request queue. Queue length = 6
[90m2025-11-22T20:20:04.083Z[39m [32mDEBUG[39m [97m@wdio/browserstack-service[39m Added data to request queue. Queue length = 7
[90m2025-11-22T20:20:04.085Z[39m [32mDEBUG[39m [97m@wdio/browserstack-service[39m Accessibility after test hook. Before sending test stop event
[90m2025-11-22T20:20:04.085Z[39m [32mDEBUG[39m [97m@wdio/browserstack-service[39m Driver capabilities used for integration object: {"platform":"LINUX","webStorageEnabled":false,"takesScreenshot":true,"javascriptEnabled":true,"databaseEnabled":false,"networkConnectionEnabled":true,"locationContextEnabled":false,"warnings":{},"desired":{"platformName":"Android","goog:chromeOptions":{},"newCommandTimeout":0,"deviceName":"google pixel 6 pro","chromedriverPorts":[[18111,18121]],"automationName":"uiautomator2","systemPort":8201,"noReset":true,"appPackage":"com.wdiodemoapp","appActivity":"com.wdiodemoapp.SplashActivity","bundleID":"com.wdiodemoapp","bundleId":"com.wdiodemoapp","skipServerInstallation":true,"udid":"23101FDEE001N8","nativeWebScreenshot":true,"disableSuppressAccessibilityService":true,"platformVersion":"12.0"},"platformName":"Android","goog:chromeOptions":{},"newCommandTimeout":0,"deviceName":"23101FDEE001N8","chromedriverPorts":[[18111,18121]],"automationName":"uiautomator2","systemPort":8201,"noReset":true,"appPackage":"com.wdiodemoapp","appActivity":"com.wdiodemoapp.SplashActivity","bundleID":"com.wdiodemoapp","bundleId":"com.wdiodemoapp","skipServerInstallation":true,"udid":"23101FDEE001N8","nativeWebScreenshot":true,"disableSuppressAccessibilityService":true,"platformVersion":"12","deviceUDID":"23101FDEE001N8","deviceApiLevel":31,"deviceScreenSize":"1440x3120","deviceScreenDensity":560,"deviceModel":"Pixel 6 Pro","deviceManufacturer":"Google","pixelRatio":3.5,"statBarHeight":145,"viewportRect":{"left":0,"top":145,"width":1440,"height":2789}}
[90m2025-11-22T20:20:04.085Z[39m [32mDEBUG[39m [97m@wdio/browserstack-service[39m User capabilities used for integration object: {"platformName":"Android","appium:platformVersion":"12.0","appium:deviceName":"Google Pixel 6 Pro","appium:automationName":"UiAutomator2","appium:app":"bs://68e5f65b6504b4ded77005d5cc7c12a59a090919","appium:noReset":true,"appium:appPackage":"com.wdiodemoapp","appium:appActivity":"com.wdiodemoapp.SplashActivity","bstack:options":{"wdioService":"9.20.0","testhubBuildUuid":"0v0zzgq2636m9ac8f4aqxpxc6txq0clzpcce5gii","buildProductMap":{"observability":true,"accessibility":null,"percy":false,"automate":true,"app_automate":false}}}
[90m2025-11-22T20:20:04.085Z[39m [32mDEBUG[39m [97m@wdio/browserstack-service[39m Got platformVersion from driver caps
[90m2025-11-22T20:20:04.085Z[39m [32mDEBUG[39m [97m@wdio/browserstack-service[39m Added data to request queue. Queue length = 8
[90m2025-11-22T20:20:04.087Z[39m [96mINFO[39m [97m@wdio/browserstack-service[39m Update job with sessionId dbde1d8cd6947e812c3e658e99d78aa87ebe1a7f
[90m2025-11-22T20:20:04.087Z[39m [32mDEBUG[39m [97m@wdio/browserstack-service[39m Updating Browserstack session at https://api-cloud.browserstack.com/app-automate/sessions/dbde1d8cd6947e812c3e658e99d78aa87ebe1a7f.json with request body: 
[90m2025-11-22T20:20:04.171Z[39m [32mDEBUG[39m [97m@wdio/browserstack-service[39m Sending data from request queue. Data length = 8, Queue length after removal = 0
[90m2025-11-22T20:20:04.172Z[39m [32mDEBUG[39m [97m@wdio/browserstack-service[39m calling callback with kind INTERVAL_QUEUE
[90m2025-11-22T20:20:04.172Z[39m [32mDEBUG[39m [97m@wdio/browserstack-service[39m callback: called with events 8
[90m2025-11-22T20:20:04.570Z[39m [32mDEBUG[39m [97m@wdio/browserstack-service[39m [BATCH_DATA] Success response: {"success":true}
[90m2025-11-22T20:20:04.570Z[39m [32mDEBUG[39m [97m@wdio/browserstack-service[39m callback: marking events success 8
[90m2025-11-22T20:20:04.612Z[39m [32mDEBUG[39m [97m@wdio/browserstack-service[39m teardown started
[90m2025-11-22T20:20:04.612Z[39m [32mDEBUG[39m [97m@wdio/browserstack-service[39m shutdown started
[90m2025-11-22T20:20:04.612Z[39m [32mDEBUG[39m [97m@wdio/browserstack-service[39m Shutting down request queue
[90m2025-11-22T20:20:04.612Z[39m [32mDEBUG[39m [97m@wdio/browserstack-service[39m shutdown ended
[90m2025-11-22T20:20:04.612Z[39m [32mDEBUG[39m [97m@wdio/browserstack-service[39m teardown ended
[90m2025-11-22T20:20:05.436Z[39m [32mDEBUG[39m [97m@wdio/browserstack-service[39m Added data to request queue. Queue length = 1
[90m2025-11-22T20:20:05.436Z[39m [32mDEBUG[39m [97m@wdio/browserstack-service[39m Force request-queue shutdown, as test run event is received after teardown
[90m2025-11-22T20:20:05.436Z[39m [32mDEBUG[39m [97m@wdio/browserstack-service[39m Sending data from request queue. Data length = 1, Queue length after removal = 0
[90m2025-11-22T20:20:05.436Z[39m [32mDEBUG[39m [97m@wdio/browserstack-service[39m calling callback with kind INTERVAL_QUEUE
[90m2025-11-22T20:20:05.436Z[39m [32mDEBUG[39m [97m@wdio/browserstack-service[39m callback: called with events 1
[90m2025-11-22T20:20:21.627Z[39m [32mDEBUG[39m [97m@wdio/browserstack-service[39m Skipping method: Console, exists: true, type: function
[90m2025-11-22T20:20:21.862Z[39m [32mDEBUG[39m [97m@wdio/browserstack-service[39m Requesting Browserstack session URL at https://api-cloud.browserstack.com/app-automate/sessions/e8a0a7039da6b1db61ae05dbd7e124f08f326198.json
[90m2025-11-22T20:20:22.253Z[39m [96mINFO[39m [97m@wdio/browserstack-service[39m  session: https://app-automate.browserstack.com/builds/53c40649e361bc918d225f7a244376b1b23c6bb6/sessions/e8a0a7039da6b1db61ae05dbd7e124f08f326198
[90m2025-11-22T20:20:22.258Z[39m [96mINFO[39m [97m@wdio/browserstack-service[39m Update job with sessionId e8a0a7039da6b1db61ae05dbd7e124f08f326198
[90m2025-11-22T20:20:22.258Z[39m [32mDEBUG[39m [97m@wdio/browserstack-service[39m Updating Browserstack session at https://api-cloud.browserstack.com/app-automate/sessions/e8a0a7039da6b1db61ae05dbd7e124f08f326198.json with request body: 
[90m2025-11-22T20:20:22.506Z[39m [96mINFO[39m [97m@wdio/browserstack-service[39m Update job with sessionId e8a0a7039da6b1db61ae05dbd7e124f08f326198
[90m2025-11-22T20:20:22.506Z[39m [32mDEBUG[39m [97m@wdio/browserstack-service[39m Updating Browserstack session at https://api-cloud.browserstack.com/app-automate/sessions/e8a0a7039da6b1db61ae05dbd7e124f08f326198.json with request body: 
[90m2025-11-22T20:20:22.837Z[39m [32mDEBUG[39m [97m@wdio/browserstack-service[39m Driver capabilities used for integration object: {"platform":"LINUX","webStorageEnabled":false,"takesScreenshot":true,"javascriptEnabled":true,"databaseEnabled":false,"networkConnectionEnabled":true,"locationContextEnabled":false,"warnings":{},"desired":{"platformName":"Android","goog:chromeOptions":{},"newCommandTimeout":0,"deviceName":"google pixel 6 pro","chromedriverPorts":[[18133,18143]],"automationName":"uiautomator2","systemPort":8203,"noReset":true,"appPackage":"com.wdiodemoapp","appActivity":"com.wdiodemoapp.SplashActivity","bundleID":"com.wdiodemoapp","bundleId":"com.wdiodemoapp","skipServerInstallation":true,"udid":"1B281FDEE0005K","nativeWebScreenshot":true,"disableSuppressAccessibilityService":true,"platformVersion":"12.0"},"platformName":"Android","goog:chromeOptions":{},"newCommandTimeout":0,"deviceName":"1B281FDEE0005K","chromedriverPorts":[[18133,18143]],"automationName":"uiautomator2","systemPort":8203,"noReset":true,"appPackage":"com.wdiodemoapp","appActivity":"com.wdiodemoapp.SplashActivity","bundleID":"com.wdiodemoapp","bundleId":"com.wdiodemoapp","skipServerInstallation":true,"udid":"1B281FDEE0005K","nativeWebScreenshot":true,"disableSuppressAccessibilityService":true,"platformVersion":"12","deviceUDID":"1B281FDEE0005K","deviceApiLevel":31,"deviceScreenSize":"1440x3120","deviceScreenDensity":560,"deviceModel":"Pixel 6 Pro","deviceManufacturer":"Google","pixelRatio":3.5,"statBarHeight":145,"viewportRect":{"left":0,"top":145,"width":1440,"height":2789}}
[90m2025-11-22T20:20:22.837Z[39m [32mDEBUG[39m [97m@wdio/browserstack-service[39m User capabilities used for integration object: {"platformName":"Android","appium:platformVersion":"12.0","appium:deviceName":"Google Pixel 6 Pro","appium:automationName":"UiAutomator2","appium:app":"bs://68e5f65b6504b4ded77005d5cc7c12a59a090919","appium:noReset":true,"appium:appPackage":"com.wdiodemoapp","appium:appActivity":"com.wdiodemoapp.SplashActivity","bstack:options":{"wdioService":"9.20.0","testhubBuildUuid":"0v0zzgq2636m9ac8f4aqxpxc6txq0clzpcce5gii","buildProductMap":{"observability":true,"accessibility":null,"percy":false,"automate":true,"app_automate":false}}}
[90m2025-11-22T20:20:22.837Z[39m [32mDEBUG[39m [97m@wdio/browserstack-service[39m Got platformVersion from driver caps
[90m2025-11-22T20:20:22.837Z[39m [32mDEBUG[39m [97m@wdio/browserstack-service[39m Added data to request queue. Queue length = 1
[90m2025-11-22T20:20:23.119Z[39m [32mDEBUG[39m [97m@wdio/browserstack-service[39m Added data to request queue. Queue length = 2
[90m2025-11-22T20:20:23.264Z[39m [32mDEBUG[39m [97m@wdio/browserstack-service[39m Added data to request queue. Queue length = 3
[90m2025-11-22T20:20:23.508Z[39m [32mDEBUG[39m [97m@wdio/browserstack-service[39m Added data to request queue. Queue length = 4
[90m2025-11-22T20:20:23.934Z[39m [32mDEBUG[39m [97m@wdio/browserstack-service[39m Added data to request queue. Queue length = 5
[90m2025-11-22T20:20:24.464Z[39m [32mDEBUG[39m [97m@wdio/browserstack-service[39m Added data to request queue. Queue length = 6
[90m2025-11-22T20:20:24.851Z[39m [32mDEBUG[39m [97m@wdio/browserstack-service[39m Sending data from request queue. Data length = 6, Queue length after removal = 0
[90m2025-11-22T20:20:24.851Z[39m [32mDEBUG[39m [97m@wdio/browserstack-service[39m calling callback with kind INTERVAL_QUEUE
[90m2025-11-22T20:20:24.852Z[39m [32mDEBUG[39m [97m@wdio/browserstack-service[39m callback: called with events 6
[90m2025-11-22T20:20:25.177Z[39m [32mDEBUG[39m [97m@wdio/browserstack-service[39m Added data to request queue. Queue length = 1
[90m2025-11-22T20:20:25.295Z[39m [32mDEBUG[39m [97m@wdio/browserstack-service[39m Added data to request queue. Queue length = 2
[90m2025-11-22T20:20:25.297Z[39m [32mDEBUG[39m [97m@wdio/browserstack-service[39m Accessibility after test hook. Before sending test stop event
[90m2025-11-22T20:20:25.297Z[39m [32mDEBUG[39m [97m@wdio/browserstack-service[39m Driver capabilities used for integration object: {"platform":"LINUX","webStorageEnabled":false,"takesScreenshot":true,"javascriptEnabled":true,"databaseEnabled":false,"networkConnectionEnabled":true,"locationContextEnabled":false,"warnings":{},"desired":{"platformName":"Android","goog:chromeOptions":{},"newCommandTimeout":0,"deviceName":"google pixel 6 pro","chromedriverPorts":[[18133,18143]],"automationName":"uiautomator2","systemPort":8203,"noReset":true,"appPackage":"com.wdiodemoapp","appActivity":"com.wdiodemoapp.SplashActivity","bundleID":"com.wdiodemoapp","bundleId":"com.wdiodemoapp","skipServerInstallation":true,"udid":"1B281FDEE0005K","nativeWebScreenshot":true,"disableSuppressAccessibilityService":true,"platformVersion":"12.0"},"platformName":"Android","goog:chromeOptions":{},"newCommandTimeout":0,"deviceName":"1B281FDEE0005K","chromedriverPorts":[[18133,18143]],"automationName":"uiautomator2","systemPort":8203,"noReset":true,"appPackage":"com.wdiodemoapp","appActivity":"com.wdiodemoapp.SplashActivity","bundleID":"com.wdiodemoapp","bundleId":"com.wdiodemoapp","skipServerInstallation":true,"udid":"1B281FDEE0005K","nativeWebScreenshot":true,"disableSuppressAccessibilityService":true,"platformVersion":"12","deviceUDID":"1B281FDEE0005K","deviceApiLevel":31,"deviceScreenSize":"1440x3120","deviceScreenDensity":560,"deviceModel":"Pixel 6 Pro","deviceManufacturer":"Google","pixelRatio":3.5,"statBarHeight":145,"viewportRect":{"left":0,"top":145,"width":1440,"height":2789}}
[90m2025-11-22T20:20:25.297Z[39m [32mDEBUG[39m [97m@wdio/browserstack-service[39m User capabilities used for integration object: {"platformName":"Android","appium:platformVersion":"12.0","appium:deviceName":"Google Pixel 6 Pro","appium:automationName":"UiAutomator2","appium:app":"bs://68e5f65b6504b4ded77005d5cc7c12a59a090919","appium:noReset":true,"appium:appPackage":"com.wdiodemoapp","appium:appActivity":"com.wdiodemoapp.SplashActivity","bstack:options":{"wdioService":"9.20.0","testhubBuildUuid":"0v0zzgq2636m9ac8f4aqxpxc6txq0clzpcce5gii","buildProductMap":{"observability":true,"accessibility":null,"percy":false,"automate":true,"app_automate":false}}}
[90m2025-11-22T20:20:25.297Z[39m [32mDEBUG[39m [97m@wdio/browserstack-service[39m Got platformVersion from driver caps
[90m2025-11-22T20:20:25.297Z[39m [32mDEBUG[39m [97m@wdio/browserstack-service[39m Added data to request queue. Queue length = 3
[90m2025-11-22T20:20:25.299Z[39m [96mINFO[39m [97m@wdio/browserstack-service[39m Update job with sessionId e8a0a7039da6b1db61ae05dbd7e124f08f326198
[90m2025-11-22T20:20:25.299Z[39m [32mDEBUG[39m [97m@wdio/browserstack-service[39m Updating Browserstack session at https://api-cloud.browserstack.com/app-automate/sessions/e8a0a7039da6b1db61ae05dbd7e124f08f326198.json with request body: 
[90m2025-11-22T20:20:25.885Z[39m [32mDEBUG[39m [97m@wdio/browserstack-service[39m [BATCH_DATA] Success response: {"success":true}
[90m2025-11-22T20:20:25.885Z[39m [32mDEBUG[39m [97m@wdio/browserstack-service[39m callback: marking events success 6
[90m2025-11-22T20:20:25.969Z[39m [32mDEBUG[39m [97m@wdio/browserstack-service[39m teardown started
[90m2025-11-22T20:20:25.969Z[39m [32mDEBUG[39m [97m@wdio/browserstack-service[39m shutdown started
[90m2025-11-22T20:20:25.969Z[39m [32mDEBUG[39m [97m@wdio/browserstack-service[39m Shutting down request queue
[90m2025-11-22T20:20:25.969Z[39m [32mDEBUG[39m [97m@wdio/browserstack-service[39m calling callback with kind SHUTDOWN_QUEUE
[90m2025-11-22T20:20:25.969Z[39m [32mDEBUG[39m [97m@wdio/browserstack-service[39m callback: called with events 3
[90m2025-11-22T20:20:26.123Z[39m [32mDEBUG[39m [97m@wdio/browserstack-service[39m [BATCH_DATA] Success response: {"success":true}
[90m2025-11-22T20:20:26.123Z[39m [32mDEBUG[39m [97m@wdio/browserstack-service[39m callback: marking events success 3
[90m2025-11-22T20:20:26.124Z[39m [32mDEBUG[39m [97m@wdio/browserstack-service[39m shutdown ended
[90m2025-11-22T20:20:26.124Z[39m [32mDEBUG[39m [97m@wdio/browserstack-service[39m teardown ended
[90m2025-11-22T20:20:26.902Z[39m [32mDEBUG[39m [97m@wdio/browserstack-service[39m Added data to request queue. Queue length = 1
[90m2025-11-22T20:20:26.902Z[39m [32mDEBUG[39m [97m@wdio/browserstack-service[39m Force request-queue shutdown, as test run event is received after teardown
[90m2025-11-22T20:20:26.902Z[39m [32mDEBUG[39m [97m@wdio/browserstack-service[39m Sending data from request queue. Data length = 1, Queue length after removal = 0
[90m2025-11-22T20:20:26.902Z[39m [32mDEBUG[39m [97m@wdio/browserstack-service[39m calling callback with kind INTERVAL_QUEUE
[90m2025-11-22T20:20:26.902Z[39m [32mDEBUG[39m [97m@wdio/browserstack-service[39m callback: called with events 1
[90m2025-11-22T20:20:40.542Z[39m [32mDEBUG[39m [97m@wdio/browserstack-service[39m Skipping method: Console, exists: true, type: function
[90m2025-11-22T20:20:40.756Z[39m [32mDEBUG[39m [97m@wdio/browserstack-service[39m Requesting Browserstack session URL at https://api-cloud.browserstack.com/app-automate/sessions/1e6296df3d0493bfadb2fc77cbfa495335c09b20.json
[90m2025-11-22T20:20:41.191Z[39m [96mINFO[39m [97m@wdio/browserstack-service[39m  session: https://app-automate.browserstack.com/builds/53c40649e361bc918d225f7a244376b1b23c6bb6/sessions/1e6296df3d0493bfadb2fc77cbfa495335c09b20
[90m2025-11-22T20:20:41.196Z[39m [96mINFO[39m [97m@wdio/browserstack-service[39m Update job with sessionId 1e6296df3d0493bfadb2fc77cbfa495335c09b20
[90m2025-11-22T20:20:41.197Z[39m [32mDEBUG[39m [97m@wdio/browserstack-service[39m Updating Browserstack session at https://api-cloud.browserstack.com/app-automate/sessions/1e6296df3d0493bfadb2fc77cbfa495335c09b20.json with request body: 
[90m2025-11-22T20:20:41.461Z[39m [96mINFO[39m [97m@wdio/browserstack-service[39m Update job with sessionId 1e6296df3d0493bfadb2fc77cbfa495335c09b20
[90m2025-11-22T20:20:41.461Z[39m [32mDEBUG[39m [97m@wdio/browserstack-service[39m Updating Browserstack session at https://api-cloud.browserstack.com/app-automate/sessions/1e6296df3d0493bfadb2fc77cbfa495335c09b20.json with request body: 
[90m2025-11-22T20:20:41.773Z[39m [32mDEBUG[39m [97m@wdio/browserstack-service[39m Driver capabilities used for integration object: {"platform":"LINUX","webStorageEnabled":false,"takesScreenshot":true,"javascriptEnabled":true,"databaseEnabled":false,"networkConnectionEnabled":true,"locationContextEnabled":false,"warnings":{},"desired":{"platformName":"Android","goog:chromeOptions":{},"newCommandTimeout":0,"deviceName":"google pixel 6 pro","chromedriverPorts":[[18100,18110]],"automationName":"uiautomator2","systemPort":8200,"noReset":true,"appPackage":"com.wdiodemoapp","appActivity":"com.wdiodemoapp.SplashActivity","bundleID":"com.wdiodemoapp","bundleId":"com.wdiodemoapp","skipServerInstallation":true,"udid":"1B101FDEE0078D","nativeWebScreenshot":true,"disableSuppressAccessibilityService":true,"platformVersion":"12.0"},"platformName":"Android","goog:chromeOptions":{},"newCommandTimeout":0,"deviceName":"1B101FDEE0078D","chromedriverPorts":[[18100,18110]],"automationName":"uiautomator2","systemPort":8200,"noReset":true,"appPackage":"com.wdiodemoapp","appActivity":"com.wdiodemoapp.SplashActivity","bundleID":"com.wdiodemoapp","bundleId":"com.wdiodemoapp","skipServerInstallation":true,"udid":"1B101FDEE0078D","nativeWebScreenshot":true,"disableSuppressAccessibilityService":true,"platformVersion":"12","deviceUDID":"1B101FDEE0078D","deviceApiLevel":31,"deviceScreenSize":"1440x3120","deviceScreenDensity":560,"deviceModel":"Pixel 6 Pro","deviceManufacturer":"Google","pixelRatio":3.5,"statBarHeight":145,"viewportRect":{"left":0,"top":145,"width":1440,"height":2789}}
[90m2025-11-22T20:20:41.773Z[39m [32mDEBUG[39m [97m@wdio/browserstack-service[39m User capabilities used for integration object: {"platformName":"Android","appium:platformVersion":"12.0","appium:deviceName":"Google Pixel 6 Pro","appium:automationName":"UiAutomator2","appium:app":"bs://68e5f65b6504b4ded77005d5cc7c12a59a090919","appium:noReset":true,"appium:appPackage":"com.wdiodemoapp","appium:appActivity":"com.wdiodemoapp.SplashActivity","bstack:options":{"wdioService":"9.20.0","testhubBuildUuid":"0v0zzgq2636m9ac8f4aqxpxc6txq0clzpcce5gii","buildProductMap":{"observability":true,"accessibility":null,"percy":false,"automate":true,"app_automate":false}}}
[90m2025-11-22T20:20:41.773Z[39m [32mDEBUG[39m [97m@wdio/browserstack-service[39m Got platformVersion from driver caps
[90m2025-11-22T20:20:41.773Z[39m [32mDEBUG[39m [97m@wdio/browserstack-service[39m Added data to request queue. Queue length = 1
[90m2025-11-22T20:20:42.001Z[39m [32mDEBUG[39m [97m@wdio/browserstack-service[39m Added data to request queue. Queue length = 2
[90m2025-11-22T20:20:42.117Z[39m [32mDEBUG[39m [97m@wdio/browserstack-service[39m Added data to request queue. Queue length = 3
[90m2025-11-22T20:20:42.263Z[39m [32mDEBUG[39m [97m@wdio/browserstack-service[39m Added data to request queue. Queue length = 4
[90m2025-11-22T20:20:42.950Z[39m [32mDEBUG[39m [97m@wdio/browserstack-service[39m Added data to request queue. Queue length = 5
[90m2025-11-22T20:20:43.077Z[39m [32mDEBUG[39m [97m@wdio/browserstack-service[39m Added data to request queue. Queue length = 6
[90m2025-11-22T20:20:43.201Z[39m [32mDEBUG[39m [97m@wdio/browserstack-service[39m Added data to request queue. Queue length = 7
[90m2025-11-22T20:20:43.296Z[39m [32mDEBUG[39m [97m@wdio/browserstack-service[39m Added data to request queue. Queue length = 8
[90m2025-11-22T20:20:43.788Z[39m [32mDEBUG[39m [97m@wdio/browserstack-service[39m Sending data from request queue. Data length = 8, Queue length after removal = 0
[90m2025-11-22T20:20:43.788Z[39m [32mDEBUG[39m [97m@wdio/browserstack-service[39m calling callback with kind INTERVAL_QUEUE
[90m2025-11-22T20:20:43.789Z[39m [32mDEBUG[39m [97m@wdio/browserstack-service[39m callback: called with events 8
[90m2025-11-22T20:20:44.200Z[39m [32mDEBUG[39m [97m@wdio/browserstack-service[39m [BATCH_DATA] Success response: {"success":true}
[90m2025-11-22T20:20:44.200Z[39m [32mDEBUG[39m [97m@wdio/browserstack-service[39m callback: marking events success 8
[90m2025-11-22T20:20:44.317Z[39m [32mDEBUG[39m [97m@wdio/browserstack-service[39m Added data to request queue. Queue length = 1
[90m2025-11-22T20:20:44.933Z[39m [32mDEBUG[39m [97m@wdio/browserstack-service[39m Added data to request queue. Queue length = 2
[90m2025-11-22T20:20:45.035Z[39m [32mDEBUG[39m [97m@wdio/browserstack-service[39m Added data to request queue. Queue length = 3
[90m2025-11-22T20:20:45.803Z[39m [32mDEBUG[39m [97m@wdio/browserstack-service[39m Sending data from request queue. Data length = 3, Queue length after removal = 0
[90m2025-11-22T20:20:45.803Z[39m [32mDEBUG[39m [97m@wdio/browserstack-service[39m calling callback with kind INTERVAL_QUEUE
[90m2025-11-22T20:20:45.803Z[39m [32mDEBUG[39m [97m@wdio/browserstack-service[39m callback: called with events 3
[90m2025-11-22T20:20:45.951Z[39m [32mDEBUG[39m [97m@wdio/browserstack-service[39m [BATCH_DATA] Success response: {"success":true}
[90m2025-11-22T20:20:45.951Z[39m [32mDEBUG[39m [97m@wdio/browserstack-service[39m callback: marking events success 3
[90m2025-11-22T20:20:46.052Z[39m [32mDEBUG[39m [97m@wdio/browserstack-service[39m Added data to request queue. Queue length = 1
[90m2025-11-22T20:20:46.677Z[39m [32mDEBUG[39m [97m@wdio/browserstack-service[39m Added data to request queue. Queue length = 2
[90m2025-11-22T20:20:46.807Z[39m [32mDEBUG[39m [97m@wdio/browserstack-service[39m Added data to request queue. Queue length = 3
[90m2025-11-22T20:20:47.494Z[39m [32mDEBUG[39m [97m@wdio/browserstack-service[39m Added data to request queue. Queue length = 4
[90m2025-11-22T20:20:47.642Z[39m [32mDEBUG[39m [97m@wdio/browserstack-service[39m Added data to request queue. Queue length = 5
[90m2025-11-22T20:20:47.814Z[39m [32mDEBUG[39m [97m@wdio/browserstack-service[39m Sending data from request queue. Data length = 5, Queue length after removal = 0
[90m2025-11-22T20:20:47.814Z[39m [32mDEBUG[39m [97m@wdio/browserstack-service[39m calling callback with kind INTERVAL_QUEUE
[90m2025-11-22T20:20:47.814Z[39m [32mDEBUG[39m [97m@wdio/browserstack-service[39m callback: called with events 5
[90m2025-11-22T20:20:47.895Z[39m [32mDEBUG[39m [97m@wdio/browserstack-service[39m Added data to request queue. Queue length = 1
[90m2025-11-22T20:20:48.105Z[39m [32mDEBUG[39m [97m@wdio/browserstack-service[39m [BATCH_DATA] Success response: {"success":true}
[90m2025-11-22T20:20:48.106Z[39m [32mDEBUG[39m [97m@wdio/browserstack-service[39m callback: marking events success 5
[90m2025-11-22T20:20:48.148Z[39m [32mDEBUG[39m [97m@wdio/browserstack-service[39m Added data to request queue. Queue length = 2
[90m2025-11-22T20:20:48.873Z[39m [32mDEBUG[39m [97m@wdio/browserstack-service[39m Added data to request queue. Queue length = 3
[90m2025-11-22T20:20:48.974Z[39m [32mDEBUG[39m [97m@wdio/browserstack-service[39m Added data to request queue. Queue length = 4
[90m2025-11-22T20:20:48.976Z[39m [32mDEBUG[39m [97m@wdio/browserstack-service[39m Accessibility after test hook. Before sending test stop event
[90m2025-11-22T20:20:48.976Z[39m [32mDEBUG[39m [97m@wdio/browserstack-service[39m Driver capabilities used for integration object: {"platform":"LINUX","webStorageEnabled":false,"takesScreenshot":true,"javascriptEnabled":true,"databaseEnabled":false,"networkConnectionEnabled":true,"locationContextEnabled":false,"warnings":{},"desired":{"platformName":"Android","goog:chromeOptions":{},"newCommandTimeout":0,"deviceName":"google pixel 6 pro","chromedriverPorts":[[18100,18110]],"automationName":"uiautomator2","systemPort":8200,"noReset":true,"appPackage":"com.wdiodemoapp","appActivity":"com.wdiodemoapp.SplashActivity","bundleID":"com.wdiodemoapp","bundleId":"com.wdiodemoapp","skipServerInstallation":true,"udid":"1B101FDEE0078D","nativeWebScreenshot":true,"disableSuppressAccessibilityService":true,"platformVersion":"12.0"},"platformName":"Android","goog:chromeOptions":{},"newCommandTimeout":0,"deviceName":"1B101FDEE0078D","chromedriverPorts":[[18100,18110]],"automationName":"uiautomator2","systemPort":8200,"noReset":true,"appPackage":"com.wdiodemoapp","appActivity":"com.wdiodemoapp.SplashActivity","bundleID":"com.wdiodemoapp","bundleId":"com.wdiodemoapp","skipServerInstallation":true,"udid":"1B101FDEE0078D","nativeWebScreenshot":true,"disableSuppressAccessibilityService":true,"platformVersion":"12","deviceUDID":"1B101FDEE0078D","deviceApiLevel":31,"deviceScreenSize":"1440x3120","deviceScreenDensity":560,"deviceModel":"Pixel 6 Pro","deviceManufacturer":"Google","pixelRatio":3.5,"statBarHeight":145,"viewportRect":{"left":0,"top":145,"width":1440,"height":2789}}
[90m2025-11-22T20:20:48.976Z[39m [32mDEBUG[39m [97m@wdio/browserstack-service[39m User capabilities used for integration object: {"platformName":"Android","appium:platformVersion":"12.0","appium:deviceName":"Google Pixel 6 Pro","appium:automationName":"UiAutomator2","appium:app":"bs://68e5f65b6504b4ded77005d5cc7c12a59a090919","appium:noReset":true,"appium:appPackage":"com.wdiodemoapp","appium:appActivity":"com.wdiodemoapp.SplashActivity","bstack:options":{"wdioService":"9.20.0","testhubBuildUuid":"0v0zzgq2636m9ac8f4aqxpxc6txq0clzpcce5gii","buildProductMap":{"observability":true,"accessibility":null,"percy":false,"automate":true,"app_automate":false}}}
[90m2025-11-22T20:20:48.976Z[39m [32mDEBUG[39m [97m@wdio/browserstack-service[39m Got platformVersion from driver caps
[90m2025-11-22T20:20:48.976Z[39m [32mDEBUG[39m [97m@wdio/browserstack-service[39m Added data to request queue. Queue length = 5
[90m2025-11-22T20:20:48.978Z[39m [96mINFO[39m [97m@wdio/browserstack-service[39m Update job with sessionId 1e6296df3d0493bfadb2fc77cbfa495335c09b20
[90m2025-11-22T20:20:48.978Z[39m [32mDEBUG[39m [97m@wdio/browserstack-service[39m Updating Browserstack session at https://api-cloud.browserstack.com/app-automate/sessions/1e6296df3d0493bfadb2fc77cbfa495335c09b20.json with request body: 
[90m2025-11-22T20:20:49.409Z[39m [32mDEBUG[39m [97m@wdio/browserstack-service[39m teardown started
[90m2025-11-22T20:20:49.410Z[39m [32mDEBUG[39m [97m@wdio/browserstack-service[39m shutdown started
[90m2025-11-22T20:20:49.410Z[39m [32mDEBUG[39m [97m@wdio/browserstack-service[39m Shutting down request queue
[90m2025-11-22T20:20:49.410Z[39m [32mDEBUG[39m [97m@wdio/browserstack-service[39m calling callback with kind SHUTDOWN_QUEUE
[90m2025-11-22T20:20:49.410Z[39m [32mDEBUG[39m [97m@wdio/browserstack-service[39m callback: called with events 5
[90m2025-11-22T20:20:49.593Z[39m [32mDEBUG[39m [97m@wdio/browserstack-service[39m [BATCH_DATA] Success response: {"success":true}
[90m2025-11-22T20:20:49.593Z[39m [32mDEBUG[39m [97m@wdio/browserstack-service[39m callback: marking events success 5
[90m2025-11-22T20:20:49.593Z[39m [32mDEBUG[39m [97m@wdio/browserstack-service[39m shutdown ended
[90m2025-11-22T20:20:49.593Z[39m [32mDEBUG[39m [97m@wdio/browserstack-service[39m teardown ended
[90m2025-11-22T20:20:50.456Z[39m [32mDEBUG[39m [97m@wdio/browserstack-service[39m Added data to request queue. Queue length = 1
[90m2025-11-22T20:20:50.456Z[39m [32mDEBUG[39m [97m@wdio/browserstack-service[39m Force request-queue shutdown, as test run event is received after teardown
[90m2025-11-22T20:20:50.456Z[39m [32mDEBUG[39m [97m@wdio/browserstack-service[39m Sending data from request queue. Data length = 1, Queue length after removal = 0
[90m2025-11-22T20:20:50.456Z[39m [32mDEBUG[39m [97m@wdio/browserstack-service[39m calling callback with kind INTERVAL_QUEUE
[90m2025-11-22T20:20:50.456Z[39m [32mDEBUG[39m [97m@wdio/browserstack-service[39m callback: called with events 1
[90m2025-11-22T20:21:05.370Z[39m [32mDEBUG[39m [97m@wdio/browserstack-service[39m Skipping method: Console, exists: true, type: function
[90m2025-11-22T20:21:05.589Z[39m [32mDEBUG[39m [97m@wdio/browserstack-service[39m Requesting Browserstack session URL at https://api-cloud.browserstack.com/app-automate/sessions/57da6018a47356a1203b57bf8b07398ea57d2185.json
[90m2025-11-22T20:21:06.074Z[39m [96mINFO[39m [97m@wdio/browserstack-service[39m  session: https://app-automate.browserstack.com/builds/53c40649e361bc918d225f7a244376b1b23c6bb6/sessions/57da6018a47356a1203b57bf8b07398ea57d2185
[90m2025-11-22T20:21:06.078Z[39m [96mINFO[39m [97m@wdio/browserstack-service[39m Update job with sessionId 57da6018a47356a1203b57bf8b07398ea57d2185
[90m2025-11-22T20:21:06.079Z[39m [32mDEBUG[39m [97m@wdio/browserstack-service[39m Updating Browserstack session at https://api-cloud.browserstack.com/app-automate/sessions/57da6018a47356a1203b57bf8b07398ea57d2185.json with request body: 
[90m2025-11-22T20:21:06.349Z[39m [96mINFO[39m [97m@wdio/browserstack-service[39m Update job with sessionId 57da6018a47356a1203b57bf8b07398ea57d2185
[90m2025-11-22T20:21:06.349Z[39m [32mDEBUG[39m [97m@wdio/browserstack-service[39m Updating Browserstack session at https://api-cloud.browserstack.com/app-automate/sessions/57da6018a47356a1203b57bf8b07398ea57d2185.json with request body: 
[90m2025-11-22T20:21:06.650Z[39m [32mDEBUG[39m [97m@wdio/browserstack-service[39m Driver capabilities used for integration object: {"platform":"LINUX","webStorageEnabled":false,"takesScreenshot":true,"javascriptEnabled":true,"databaseEnabled":false,"networkConnectionEnabled":true,"locationContextEnabled":false,"warnings":{},"desired":{"platformName":"Android","goog:chromeOptions":{},"newCommandTimeout":0,"deviceName":"google pixel 6 pro","chromedriverPorts":[[18100,18110]],"automationName":"uiautomator2","systemPort":8200,"noReset":true,"appPackage":"com.wdiodemoapp","appActivity":"com.wdiodemoapp.SplashActivity","bundleID":"com.wdiodemoapp","bundleId":"com.wdiodemoapp","skipServerInstallation":true,"udid":"22261FDEE001DM","nativeWebScreenshot":true,"disableSuppressAccessibilityService":true,"platformVersion":"12.0"},"platformName":"Android","goog:chromeOptions":{},"newCommandTimeout":0,"deviceName":"22261FDEE001DM","chromedriverPorts":[[18100,18110]],"automationName":"uiautomator2","systemPort":8200,"noReset":true,"appPackage":"com.wdiodemoapp","appActivity":"com.wdiodemoapp.SplashActivity","bundleID":"com.wdiodemoapp","bundleId":"com.wdiodemoapp","skipServerInstallation":true,"udid":"22261FDEE001DM","nativeWebScreenshot":true,"disableSuppressAccessibilityService":true,"platformVersion":"12","deviceUDID":"22261FDEE001DM","deviceApiLevel":31,"deviceScreenSize":"1440x3120","deviceScreenDensity":560,"deviceModel":"Pixel 6 Pro","deviceManufacturer":"Google","pixelRatio":3.5,"statBarHeight":145,"viewportRect":{"left":0,"top":145,"width":1440,"height":2789}}
[90m2025-11-22T20:21:06.650Z[39m [32mDEBUG[39m [97m@wdio/browserstack-service[39m User capabilities used for integration object: {"platformName":"Android","appium:platformVersion":"12.0","appium:deviceName":"Google Pixel 6 Pro","appium:automationName":"UiAutomator2","appium:app":"bs://68e5f65b6504b4ded77005d5cc7c12a59a090919","appium:noReset":true,"appium:appPackage":"com.wdiodemoapp","appium:appActivity":"com.wdiodemoapp.SplashActivity","bstack:options":{"wdioService":"9.20.0","testhubBuildUuid":"0v0zzgq2636m9ac8f4aqxpxc6txq0clzpcce5gii","buildProductMap":{"observability":true,"accessibility":null,"percy":false,"automate":true,"app_automate":false}}}
[90m2025-11-22T20:21:06.651Z[39m [32mDEBUG[39m [97m@wdio/browserstack-service[39m Got platformVersion from driver caps
[90m2025-11-22T20:21:06.651Z[39m [32mDEBUG[39m [97m@wdio/browserstack-service[39m Added data to request queue. Queue length = 1
[90m2025-11-22T20:21:07.165Z[39m [32mDEBUG[39m [97m@wdio/browserstack-service[39m Added data to request queue. Queue length = 2
[90m2025-11-22T20:21:07.315Z[39m [32mDEBUG[39m [97m@wdio/browserstack-service[39m Added data to request queue. Queue length = 3
[90m2025-11-22T20:21:07.470Z[39m [32mDEBUG[39m [97m@wdio/browserstack-service[39m Added data to request queue. Queue length = 4
[90m2025-11-22T20:21:08.048Z[39m [32mDEBUG[39m [97m@wdio/browserstack-service[39m Added data to request queue. Queue length = 5
[90m2025-11-22T20:21:08.657Z[39m [32mDEBUG[39m [97m@wdio/browserstack-service[39m Sending data from request queue. Data length = 5, Queue length after removal = 0
[90m2025-11-22T20:21:08.657Z[39m [32mDEBUG[39m [97m@wdio/browserstack-service[39m calling callback with kind INTERVAL_QUEUE
[90m2025-11-22T20:21:08.658Z[39m [32mDEBUG[39m [97m@wdio/browserstack-service[39m callback: called with events 5
[90m2025-11-22T20:21:09.095Z[39m [32mDEBUG[39m [97m@wdio/browserstack-service[39m Added data to request queue. Queue length = 1
[90m2025-11-22T20:21:09.144Z[39m [32mDEBUG[39m [97m@wdio/browserstack-service[39m [BATCH_DATA] Success response: {"success":true}
[90m2025-11-22T20:21:09.144Z[39m [32mDEBUG[39m [97m@wdio/browserstack-service[39m callback: marking events success 5
[90m2025-11-22T20:21:09.722Z[39m [32mDEBUG[39m [97m@wdio/browserstack-service[39m Added data to request queue. Queue length = 2
[90m2025-11-22T20:21:09.842Z[39m [32mDEBUG[39m [97m@wdio/browserstack-service[39m Added data to request queue. Queue length = 3
[90m2025-11-22T20:21:10.659Z[39m [32mDEBUG[39m [97m@wdio/browserstack-service[39m Sending data from request queue. Data length = 3, Queue length after removal = 0
[90m2025-11-22T20:21:10.659Z[39m [32mDEBUG[39m [97m@wdio/browserstack-service[39m calling callback with kind INTERVAL_QUEUE
[90m2025-11-22T20:21:10.659Z[39m [32mDEBUG[39m [97m@wdio/browserstack-service[39m callback: called with events 3
[90m2025-11-22T20:21:10.805Z[39m [32mDEBUG[39m [97m@wdio/browserstack-service[39m [BATCH_DATA] Success response: {"success":true}
[90m2025-11-22T20:21:10.805Z[39m [32mDEBUG[39m [97m@wdio/browserstack-service[39m callback: marking events success 3
[90m2025-11-22T20:21:10.873Z[39m [32mDEBUG[39m [97m@wdio/browserstack-service[39m Added data to request queue. Queue length = 1
[90m2025-11-22T20:21:11.500Z[39m [32mDEBUG[39m [97m@wdio/browserstack-service[39m Added data to request queue. Queue length = 2
[90m2025-11-22T20:21:11.631Z[39m [32mDEBUG[39m [97m@wdio/browserstack-service[39m Added data to request queue. Queue length = 3
[90m2025-11-22T20:21:12.610Z[39m [32mDEBUG[39m [97m@wdio/browserstack-service[39m Added data to request queue. Queue length = 4
[90m2025-11-22T20:21:12.671Z[39m [32mDEBUG[39m [97m@wdio/browserstack-service[39m Sending data from request queue. Data length = 4, Queue length after removal = 0
[90m2025-11-22T20:21:12.671Z[39m [32mDEBUG[39m [97m@wdio/browserstack-service[39m calling callback with kind INTERVAL_QUEUE
[90m2025-11-22T20:21:12.671Z[39m [32mDEBUG[39m [97m@wdio/browserstack-service[39m callback: called with events 4
[90m2025-11-22T20:21:12.738Z[39m [32mDEBUG[39m [97m@wdio/browserstack-service[39m Added data to request queue. Queue length = 1
[90m2025-11-22T20:21:12.740Z[39m [32mDEBUG[39m [97m@wdio/browserstack-service[39m Accessibility after test hook. Before sending test stop event
[90m2025-11-22T20:21:12.740Z[39m [32mDEBUG[39m [97m@wdio/browserstack-service[39m Driver capabilities used for integration object: {"platform":"LINUX","webStorageEnabled":false,"takesScreenshot":true,"javascriptEnabled":true,"databaseEnabled":false,"networkConnectionEnabled":true,"locationContextEnabled":false,"warnings":{},"desired":{"platformName":"Android","goog:chromeOptions":{},"newCommandTimeout":0,"deviceName":"google pixel 6 pro","chromedriverPorts":[[18100,18110]],"automationName":"uiautomator2","systemPort":8200,"noReset":true,"appPackage":"com.wdiodemoapp","appActivity":"com.wdiodemoapp.SplashActivity","bundleID":"com.wdiodemoapp","bundleId":"com.wdiodemoapp","skipServerInstallation":true,"udid":"22261FDEE001DM","nativeWebScreenshot":true,"disableSuppressAccessibilityService":true,"platformVersion":"12.0"},"platformName":"Android","goog:chromeOptions":{},"newCommandTimeout":0,"deviceName":"22261FDEE001DM","chromedriverPorts":[[18100,18110]],"automationName":"uiautomator2","systemPort":8200,"noReset":true,"appPackage":"com.wdiodemoapp","appActivity":"com.wdiodemoapp.SplashActivity","bundleID":"com.wdiodemoapp","bundleId":"com.wdiodemoapp","skipServerInstallation":true,"udid":"22261FDEE001DM","nativeWebScreenshot":true,"disableSuppressAccessibilityService":true,"platformVersion":"12","deviceUDID":"22261FDEE001DM","deviceApiLevel":31,"deviceScreenSize":"1440x3120","deviceScreenDensity":560,"deviceModel":"Pixel 6 Pro","deviceManufacturer":"Google","pixelRatio":3.5,"statBarHeight":145,"viewportRect":{"left":0,"top":145,"width":1440,"height":2789}}
[90m2025-11-22T20:21:12.740Z[39m [32mDEBUG[39m [97m@wdio/browserstack-service[39m User capabilities used for integration object: {"platformName":"Android","appium:platformVersion":"12.0","appium:deviceName":"Google Pixel 6 Pro","appium:automationName":"UiAutomator2","appium:app":"bs://68e5f65b6504b4ded77005d5cc7c12a59a090919","appium:noReset":true,"appium:appPackage":"com.wdiodemoapp","appium:appActivity":"com.wdiodemoapp.SplashActivity","bstack:options":{"wdioService":"9.20.0","testhubBuildUuid":"0v0zzgq2636m9ac8f4aqxpxc6txq0clzpcce5gii","buildProductMap":{"observability":true,"accessibility":null,"percy":false,"automate":true,"app_automate":false}}}
[90m2025-11-22T20:21:12.740Z[39m [32mDEBUG[39m [97m@wdio/browserstack-service[39m Got platformVersion from driver caps
[90m2025-11-22T20:21:12.740Z[39m [32mDEBUG[39m [97m@wdio/browserstack-service[39m Added data to request queue. Queue length = 2
[90m2025-11-22T20:21:12.742Z[39m [96mINFO[39m [97m@wdio/browserstack-service[39m Update job with sessionId 57da6018a47356a1203b57bf8b07398ea57d2185
[90m2025-11-22T20:21:12.742Z[39m [32mDEBUG[39m [97m@wdio/browserstack-service[39m Updating Browserstack session at https://api-cloud.browserstack.com/app-automate/sessions/57da6018a47356a1203b57bf8b07398ea57d2185.json with request body: 
[90m2025-11-22T20:21:12.841Z[39m [32mDEBUG[39m [97m@wdio/browserstack-service[39m [BATCH_DATA] Success response: {"success":true}
[90m2025-11-22T20:21:12.842Z[39m [32mDEBUG[39m [97m@wdio/browserstack-service[39m callback: marking events success 4
[90m2025-11-22T20:21:13.170Z[39m [32mDEBUG[39m [97m@wdio/browserstack-service[39m teardown started
[90m2025-11-22T20:21:13.170Z[39m [32mDEBUG[39m [97m@wdio/browserstack-service[39m shutdown started
[90m2025-11-22T20:21:13.170Z[39m [32mDEBUG[39m [97m@wdio/browserstack-service[39m Shutting down request queue
[90m2025-11-22T20:21:13.171Z[39m [32mDEBUG[39m [97m@wdio/browserstack-service[39m calling callback with kind SHUTDOWN_QUEUE
[90m2025-11-22T20:21:13.171Z[39m [32mDEBUG[39m [97m@wdio/browserstack-service[39m callback: called with events 2
[90m2025-11-22T20:21:13.320Z[39m [32mDEBUG[39m [97m@wdio/browserstack-service[39m [BATCH_DATA] Success response: {"success":true}
[90m2025-11-22T20:21:13.320Z[39m [32mDEBUG[39m [97m@wdio/browserstack-service[39m callback: marking events success 2
[90m2025-11-22T20:21:13.320Z[39m [32mDEBUG[39m [97m@wdio/browserstack-service[39m shutdown ended
[90m2025-11-22T20:21:13.320Z[39m [32mDEBUG[39m [97m@wdio/browserstack-service[39m teardown ended
[90m2025-11-22T20:21:14.132Z[39m [32mDEBUG[39m [97m@wdio/browserstack-service[39m Added data to request queue. Queue length = 1
[90m2025-11-22T20:21:14.132Z[39m [32mDEBUG[39m [97m@wdio/browserstack-service[39m Force request-queue shutdown, as test run event is received after teardown
[90m2025-11-22T20:21:14.132Z[39m [32mDEBUG[39m [97m@wdio/browserstack-service[39m Sending data from request queue. Data length = 1, Queue length after removal = 0
[90m2025-11-22T20:21:14.132Z[39m [32mDEBUG[39m [97m@wdio/browserstack-service[39m calling callback with kind INTERVAL_QUEUE
[90m2025-11-22T20:21:14.132Z[39m [32mDEBUG[39m [97m@wdio/browserstack-service[39m callback: called with events 1
[90m2025-11-22T20:21:29.396Z[39m [32mDEBUG[39m [97m@wdio/browserstack-service[39m Skipping method: Console, exists: true, type: function
[90m2025-11-22T20:21:29.607Z[39m [32mDEBUG[39m [97m@wdio/browserstack-service[39m Requesting Browserstack session URL at https://api-cloud.browserstack.com/app-automate/sessions/6f9e6282a0153baf915e1d798616492219858f52.json
[90m2025-11-22T20:21:30.098Z[39m [96mINFO[39m [97m@wdio/browserstack-service[39m  session: https://app-automate.browserstack.com/builds/53c40649e361bc918d225f7a244376b1b23c6bb6/sessions/6f9e6282a0153baf915e1d798616492219858f52
[90m2025-11-22T20:21:30.104Z[39m [96mINFO[39m [97m@wdio/browserstack-service[39m Update job with sessionId 6f9e6282a0153baf915e1d798616492219858f52
[90m2025-11-22T20:21:30.104Z[39m [32mDEBUG[39m [97m@wdio/browserstack-service[39m Updating Browserstack session at https://api-cloud.browserstack.com/app-automate/sessions/6f9e6282a0153baf915e1d798616492219858f52.json with request body: 
[90m2025-11-22T20:21:30.344Z[39m [96mINFO[39m [97m@wdio/browserstack-service[39m Update job with sessionId 6f9e6282a0153baf915e1d798616492219858f52
[90m2025-11-22T20:21:30.344Z[39m [32mDEBUG[39m [97m@wdio/browserstack-service[39m Updating Browserstack session at https://api-cloud.browserstack.com/app-automate/sessions/6f9e6282a0153baf915e1d798616492219858f52.json with request body: 
[90m2025-11-22T20:21:30.673Z[39m [32mDEBUG[39m [97m@wdio/browserstack-service[39m Driver capabilities used for integration object: {"platform":"LINUX","webStorageEnabled":false,"takesScreenshot":true,"javascriptEnabled":true,"databaseEnabled":false,"networkConnectionEnabled":true,"locationContextEnabled":false,"warnings":{},"desired":{"platformName":"Android","goog:chromeOptions":{},"newCommandTimeout":0,"deviceName":"google pixel 6 pro","chromedriverPorts":[[18100,18110]],"automationName":"uiautomator2","systemPort":8200,"noReset":true,"appPackage":"com.wdiodemoapp","appActivity":"com.wdiodemoapp.SplashActivity","bundleID":"com.wdiodemoapp","bundleId":"com.wdiodemoapp","skipServerInstallation":true,"udid":"1A191FDEE006PK","nativeWebScreenshot":true,"disableSuppressAccessibilityService":true,"platformVersion":"12.0"},"platformName":"Android","goog:chromeOptions":{},"newCommandTimeout":0,"deviceName":"1A191FDEE006PK","chromedriverPorts":[[18100,18110]],"automationName":"uiautomator2","systemPort":8200,"noReset":true,"appPackage":"com.wdiodemoapp","appActivity":"com.wdiodemoapp.SplashActivity","bundleID":"com.wdiodemoapp","bundleId":"com.wdiodemoapp","skipServerInstallation":true,"udid":"1A191FDEE006PK","nativeWebScreenshot":true,"disableSuppressAccessibilityService":true,"platformVersion":"12","deviceUDID":"1A191FDEE006PK","deviceApiLevel":31,"deviceScreenSize":"1440x3120","deviceScreenDensity":560,"deviceModel":"Pixel 6 Pro","deviceManufacturer":"Google","pixelRatio":3.5,"statBarHeight":145,"viewportRect":{"left":0,"top":145,"width":1440,"height":2789}}
[90m2025-11-22T20:21:30.673Z[39m [32mDEBUG[39m [97m@wdio/browserstack-service[39m User capabilities used for integration object: {"platformName":"Android","appium:platformVersion":"12.0","appium:deviceName":"Google Pixel 6 Pro","appium:automationName":"UiAutomator2","appium:app":"bs://68e5f65b6504b4ded77005d5cc7c12a59a090919","appium:noReset":true,"appium:appPackage":"com.wdiodemoapp","appium:appActivity":"com.wdiodemoapp.SplashActivity","bstack:options":{"wdioService":"9.20.0","testhubBuildUuid":"0v0zzgq2636m9ac8f4aqxpxc6txq0clzpcce5gii","buildProductMap":{"observability":true,"accessibility":null,"percy":false,"automate":true,"app_automate":false}}}
[90m2025-11-22T20:21:30.673Z[39m [32mDEBUG[39m [97m@wdio/browserstack-service[39m Got platformVersion from driver caps
[90m2025-11-22T20:21:30.673Z[39m [32mDEBUG[39m [97m@wdio/browserstack-service[39m Added data to request queue. Queue length = 1
[90m2025-11-22T20:21:30.928Z[39m [32mDEBUG[39m [97m@wdio/browserstack-service[39m Added data to request queue. Queue length = 2
[90m2025-11-22T20:21:31.056Z[39m [32mDEBUG[39m [97m@wdio/browserstack-service[39m Added data to request queue. Queue length = 3
[90m2025-11-22T20:21:31.218Z[39m [32mDEBUG[39m [97m@wdio/browserstack-service[39m Added data to request queue. Queue length = 4
[90m2025-11-22T20:21:31.782Z[39m [32mDEBUG[39m [97m@wdio/browserstack-service[39m Added data to request queue. Queue length = 5
[90m2025-11-22T20:21:32.678Z[39m [32mDEBUG[39m [97m@wdio/browserstack-service[39m Sending data from request queue. Data length = 5, Queue length after removal = 0
[90m2025-11-22T20:21:32.678Z[39m [32mDEBUG[39m [97m@wdio/browserstack-service[39m calling callback with kind INTERVAL_QUEUE
[90m2025-11-22T20:21:32.678Z[39m [32mDEBUG[39m [97m@wdio/browserstack-service[39m callback: called with events 5
[90m2025-11-22T20:21:32.824Z[39m [32mDEBUG[39m [97m@wdio/browserstack-service[39m Added data to request queue. Queue length = 1
[90m2025-11-22T20:21:33.077Z[39m [32mDEBUG[39m [97m@wdio/browserstack-service[39m [BATCH_DATA] Success response: {"success":true}
[90m2025-11-22T20:21:33.077Z[39m [32mDEBUG[39m [97m@wdio/browserstack-service[39m callback: marking events success 5
[90m2025-11-22T20:21:34.019Z[39m [32mDEBUG[39m [97m@wdio/browserstack-service[39m Added data to request queue. Queue length = 2
[90m2025-11-22T20:21:34.135Z[39m [32mDEBUG[39m [97m@wdio/browserstack-service[39m Added data to request queue. Queue length = 3
[90m2025-11-22T20:21:34.680Z[39m [32mDEBUG[39m [97m@wdio/browserstack-service[39m Sending data from request queue. Data length = 3, Queue length after removal = 0
[90m2025-11-22T20:21:34.681Z[39m [32mDEBUG[39m [97m@wdio/browserstack-service[39m calling callback with kind INTERVAL_QUEUE
[90m2025-11-22T20:21:34.681Z[39m [32mDEBUG[39m [97m@wdio/browserstack-service[39m callback: called with events 3
[90m2025-11-22T20:21:34.845Z[39m [32mDEBUG[39m [97m@wdio/browserstack-service[39m [BATCH_DATA] Success response: {"success":true}
[90m2025-11-22T20:21:34.845Z[39m [32mDEBUG[39m [97m@wdio/browserstack-service[39m callback: marking events success 3
[90m2025-11-22T20:21:35.154Z[39m [32mDEBUG[39m [97m@wdio/browserstack-service[39m Added data to request queue. Queue length = 1
[90m2025-11-22T20:21:35.774Z[39m [32mDEBUG[39m [97m@wdio/browserstack-service[39m Added data to request queue. Queue length = 2
[90m2025-11-22T20:21:35.887Z[39m [32mDEBUG[39m [97m@wdio/browserstack-service[39m Added data to request queue. Queue length = 3
[90m2025-11-22T20:21:36.695Z[39m [32mDEBUG[39m [97m@wdio/browserstack-service[39m Sending data from request queue. Data length = 3, Queue length after removal = 0
[90m2025-11-22T20:21:36.695Z[39m [32mDEBUG[39m [97m@wdio/browserstack-service[39m calling callback with kind INTERVAL_QUEUE
[90m2025-11-22T20:21:36.695Z[39m [32mDEBUG[39m [97m@wdio/browserstack-service[39m callback: called with events 3
[90m2025-11-22T20:21:36.845Z[39m [32mDEBUG[39m [97m@wdio/browserstack-service[39m [BATCH_DATA] Success response: {"success":true}
[90m2025-11-22T20:21:36.845Z[39m [32mDEBUG[39m [97m@wdio/browserstack-service[39m callback: marking events success 3
[90m2025-11-22T20:21:36.876Z[39m [32mDEBUG[39m [97m@wdio/browserstack-service[39m Added data to request queue. Queue length = 1
[90m2025-11-22T20:21:36.974Z[39m [32mDEBUG[39m [97m@wdio/browserstack-service[39m Added data to request queue. Queue length = 2
[90m2025-11-22T20:21:36.977Z[39m [32mDEBUG[39m [97m@wdio/browserstack-service[39m Accessibility after test hook. Before sending test stop event
[90m2025-11-22T20:21:36.977Z[39m [32mDEBUG[39m [97m@wdio/browserstack-service[39m Driver capabilities used for integration object: {"platform":"LINUX","webStorageEnabled":false,"takesScreenshot":true,"javascriptEnabled":true,"databaseEnabled":false,"networkConnectionEnabled":true,"locationContextEnabled":false,"warnings":{},"desired":{"platformName":"Android","goog:chromeOptions":{},"newCommandTimeout":0,"deviceName":"google pixel 6 pro","chromedriverPorts":[[18100,18110]],"automationName":"uiautomator2","systemPort":8200,"noReset":true,"appPackage":"com.wdiodemoapp","appActivity":"com.wdiodemoapp.SplashActivity","bundleID":"com.wdiodemoapp","bundleId":"com.wdiodemoapp","skipServerInstallation":true,"udid":"1A191FDEE006PK","nativeWebScreenshot":true,"disableSuppressAccessibilityService":true,"platformVersion":"12.0"},"platformName":"Android","goog:chromeOptions":{},"newCommandTimeout":0,"deviceName":"1A191FDEE006PK","chromedriverPorts":[[18100,18110]],"automationName":"uiautomator2","systemPort":8200,"noReset":true,"appPackage":"com.wdiodemoapp","appActivity":"com.wdiodemoapp.SplashActivity","bundleID":"com.wdiodemoapp","bundleId":"com.wdiodemoapp","skipServerInstallation":true,"udid":"1A191FDEE006PK","nativeWebScreenshot":true,"disableSuppressAccessibilityService":true,"platformVersion":"12","deviceUDID":"1A191FDEE006PK","deviceApiLevel":31,"deviceScreenSize":"1440x3120","deviceScreenDensity":560,"deviceModel":"Pixel 6 Pro","deviceManufacturer":"Google","pixelRatio":3.5,"statBarHeight":145,"viewportRect":{"left":0,"top":145,"width":1440,"height":2789}}
[90m2025-11-22T20:21:36.977Z[39m [32mDEBUG[39m [97m@wdio/browserstack-service[39m User capabilities used for integration object: {"platformName":"Android","appium:platformVersion":"12.0","appium:deviceName":"Google Pixel 6 Pro","appium:automationName":"UiAutomator2","appium:app":"bs://68e5f65b6504b4ded77005d5cc7c12a59a090919","appium:noReset":true,"appium:appPackage":"com.wdiodemoapp","appium:appActivity":"com.wdiodemoapp.SplashActivity","bstack:options":{"wdioService":"9.20.0","testhubBuildUuid":"0v0zzgq2636m9ac8f4aqxpxc6txq0clzpcce5gii","buildProductMap":{"observability":true,"accessibility":null,"percy":false,"automate":true,"app_automate":false}}}
[90m2025-11-22T20:21:36.977Z[39m [32mDEBUG[39m [97m@wdio/browserstack-service[39m Got platformVersion from driver caps
[90m2025-11-22T20:21:36.978Z[39m [32mDEBUG[39m [97m@wdio/browserstack-service[39m Added data to request queue. Queue length = 3
[90m2025-11-22T20:21:36.980Z[39m [96mINFO[39m [97m@wdio/browserstack-service[39m Update job with sessionId 6f9e6282a0153baf915e1d798616492219858f52
[90m2025-11-22T20:21:36.980Z[39m [32mDEBUG[39m [97m@wdio/browserstack-service[39m Updating Browserstack session at https://api-cloud.browserstack.com/app-automate/sessions/6f9e6282a0153baf915e1d798616492219858f52.json with request body: 
[90m2025-11-22T20:21:37.424Z[39m [32mDEBUG[39m [97m@wdio/browserstack-service[39m teardown started
[90m2025-11-22T20:21:37.424Z[39m [32mDEBUG[39m [97m@wdio/browserstack-service[39m shutdown started
[90m2025-11-22T20:21:37.424Z[39m [32mDEBUG[39m [97m@wdio/browserstack-service[39m Shutting down request queue
[90m2025-11-22T20:21:37.424Z[39m [32mDEBUG[39m [97m@wdio/browserstack-service[39m calling callback with kind SHUTDOWN_QUEUE
[90m2025-11-22T20:21:37.424Z[39m [32mDEBUG[39m [97m@wdio/browserstack-service[39m callback: called with events 3
[90m2025-11-22T20:21:37.636Z[39m [32mDEBUG[39m [97m@wdio/browserstack-service[39m [BATCH_DATA] Success response: {"success":true}
[90m2025-11-22T20:21:37.636Z[39m [32mDEBUG[39m [97m@wdio/browserstack-service[39m callback: marking events success 3
[90m2025-11-22T20:21:37.636Z[39m [32mDEBUG[39m [97m@wdio/browserstack-service[39m shutdown ended
[90m2025-11-22T20:21:37.636Z[39m [32mDEBUG[39m [97m@wdio/browserstack-service[39m teardown ended
[90m2025-11-22T20:21:38.445Z[39m [32mDEBUG[39m [97m@wdio/browserstack-service[39m Added data to request queue. Queue length = 1
[90m2025-11-22T20:21:38.445Z[39m [32mDEBUG[39m [97m@wdio/browserstack-service[39m Force request-queue shutdown, as test run event is received after teardown
[90m2025-11-22T20:21:38.445Z[39m [32mDEBUG[39m [97m@wdio/browserstack-service[39m Sending data from request queue. Data length = 1, Queue length after removal = 0
[90m2025-11-22T20:21:38.445Z[39m [32mDEBUG[39m [97m@wdio/browserstack-service[39m calling callback with kind INTERVAL_QUEUE
[90m2025-11-22T20:21:38.445Z[39m [32mDEBUG[39m [97m@wdio/browserstack-service[39m callback: called with events 1
[90m2025-11-22T20:21:38.581Z[39m [32mDEBUG[39m [97m@wdio/browserstack-service[39m Inside OnComplete hook..
[90m2025-11-22T20:21:38.582Z[39m [32mDEBUG[39m [97m@wdio/browserstack-service[39m Sending stop launch event
[90m2025-11-22T20:21:38.993Z[39m [32mDEBUG[39m [97m@wdio/browserstack-service[39m [STOP_BUILD] Success response: 
[90m2025-11-22T20:21:38.995Z[39m [96mINFO[39m [97m@wdio/browserstack-service[39m BrowserStack service run ended for id: a7c1d28f-d80d-48ef-9e13-c6f0c27e2cf6 testhub id: 0v0zzgq2636m9ac8f4aqxpxc6txq0clzpcce5gii
[90m2025-11-22T20:21:38.995Z[39m [32mDEBUG[39m [97m@wdio/browserstack-service[39m Reading worker file worker-data-10072.json
[90m2025-11-22T20:21:38.995Z[39m [32mDEBUG[39m [97m@wdio/browserstack-service[39m Reading worker file worker-data-17148.json
[90m2025-11-22T20:21:38.995Z[39m [32mDEBUG[39m [97m@wdio/browserstack-service[39m Reading worker file worker-data-17652.json
[90m2025-11-22T20:21:38.995Z[39m [32mDEBUG[39m [97m@wdio/browserstack-service[39m Reading worker file worker-data-25556.json
[90m2025-11-22T20:21:38.995Z[39m [32mDEBUG[39m [97m@wdio/browserstack-service[39m Reading worker file worker-data-9332.json
[90m2025-11-22T20:21:38.998Z[39m [32mDEBUG[39m [97m@wdio/browserstack-service[39m Sending SDK event with data {
  userName: '[REDACTED]',
  accessKey: '[REDACTED]',
  event_type: 'SDKTestSuccessful',
  detectedFramework: 'WebdriverIO-mocha',
  event_properties: {
    sdkRunId: 'a7c1d28f-d80d-48ef-9e13-c6f0c27e2cf6',
    testhub_uuid: '0v0zzgq2636m9ac8f4aqxpxc6txq0clzpcce5gii',
    language_framework: 'WebdriverIO_mocha',
    referrer: 'WebdriverIO-mocha/9.20.0',
    language: 'WebdriverIO',
    languageVersion: 'v22.18.0',
    buildName: 'undefined',
    buildIdentifier: 'undefined',
    os: 'Windows_NT',
    hostname: 'DESKTOP-41JSMCD',
    productMap: {
      observability: true,
      accessibility: null,
      percy: false,
      automate: true,
      app_automate: false
    },
    product: [ 'observability', 'automate' ],
    framework: 'mocha',
    productUsage: {
      testObservability: {
        enabled: true,
        manuallySet: false,
        buildHashedId: '0v0zzgq2636m9ac8f4aqxpxc6txq0clzpcce5gii',
        events: {
          buildEvents: {
            started: { isTriggered: true, status: 'success', error: undefined },
            finished: { isTriggered: true, status: 'success', error: undefined }
          },
          testEvents: {
            started: { triggeredCount: 5, sentCount: 5, failedCount: 0 },
            finished: { triggeredCount: 5, sentCount: 5, failedCount: 0 },
            passed: { triggeredCount: 5, sentCount: 5, failedCount: 0 }
          },
          hookEvents: {
            started: { triggeredCount: 0, sentCount: 0, failedCount: 0 },
            finished: { triggeredCount: 0, sentCount: 0, failedCount: 0 }
          },
          logEvents: {
            triggeredCount: 56,
            sentCount: 56,
            failedCount: 0,
            http: { triggeredCount: 56, sentCount: 56, failedCount: 0 }
          },
          cbtSessionEvents: { triggeredCount: 0, sentCount: 0, failedCount: 0 }
        }
      }
    }
  }
}
[90m2025-11-22T20:21:39.328Z[39m [32mDEBUG[39m [97m@wdio/browserstack-service[39m Funnel Event Response: "{\"message\":\"SDK Event recorded successfully\"}"
[90m2025-11-22T20:21:39.328Z[39m [32mDEBUG[39m [97m@wdio/browserstack-service[39m Funnel event success
[90m2025-11-22T20:21:40.053Z[39m [96mINFO[39m [97m@wdio/browserstack-service[39m Upload response: {
  "status": "success",
  "message": "Logs upload successful in file - logs.gz"
}
[90m2025-11-22T20:21:40.053Z[39m [32mDEBUG[39m [97m@wdio/browserstack-service[39m Response - {
  status: 'success',
  message: 'Logs upload successful in file - logs.gz'
}
2025-11-22T20:21:41.041Z DEBUG @wdio/browserstack-service Successfully uploaded performance events Bravo
